<?xml version="1.0" encoding="UTF-8"?>
<!-- Generated by org.testng.reporters.JUnitXMLReporter -->
<testsuite ignored="0" hostname="LAPTOP-8LOUFHRQ" failures="1" tests="3" name="Error Validation Test" time="47.031" errors="0" timestamp="2024-12-23T01:03:29 ICT">
  <testcase classname="testingwebdriver.tests.ErrorValidationsTest" name="LoginErrorValidation" time="0.924">
    <skipped/>
  </testcase> <!-- LoginErrorValidation -->
  <testcase classname="testingwebdriver.tests.ErrorValidationsTest" name="LoginErrorValidation" time="0.676">
    <failure type="java.lang.AssertionError" message="expected [Incorrect email password.] but found [Incorrect email or password.]">
      <![CDATA[java.lang.AssertionError: expected [Incorrect email password.] but found [Incorrect email or password.]
at testingwebdriver.tests.ErrorValidationsTest.LoginErrorValidation(ErrorValidationsTest.java:29)
at java.base/java.util.ArrayList.forEach(ArrayList.java:1511)
... Removed 33 stack frames]]>
    </failure>
  </testcase> <!-- LoginErrorValidation -->
  <testcase classname="testingwebdriver.tests.ErrorValidationsTest" name="ProductErrorValidation" time="14.415"/>
</testsuite> <!-- Error Validation Test -->
